生成启动时间为 2016/12/1 18:51:43。
     1>项目“D:\chen\graph_transitive_closure\graph_transitive_closure.vcxproj”在节点 2 上(Build 个目标)。
       项目文件包含 ToolsVersion="14.0" 设置，但此工具集未知或缺失。您可以通过为此工具集安装相应的 .NET Framework 来解决此问题。将项目视为具有 ToolsVersion="4.0" 设置。
     1>ClCompile:
         C:\Program Files\Microsoft Visual Studio 11.0\VC\bin\x86_amd64\CL.exe /c /Zi /nologo /W3 /WX- /O2 /Oi /GL /D NDEBUG /D _CONSOLE /D _UNICODE /D UNICODE /Gm- /EHsc /MD /GS /Gy /fp:precise /Zc:wchar_t /Zc:forScope /Fo"x64\Release\\" /Fd"x64\Release\vc110.pdb" /Gd /TP /errorReport:prompt graph.cpp idList.cpp main.cpp
         graph.cpp
     1>graph.cpp(21): warning C4244: “=”: 从“double”转换到“int”，可能丢失数据
     1>graph.cpp(22): warning C4244: “=”: 从“double”转换到“int”，可能丢失数据
         idList.cpp
         main.cpp
     1>main.cpp(312): warning C4996: 'fopen': This function or variable may be unsafe. Consider using fopen_s instead. To disable deprecation, use _CRT_SECURE_NO_WARNINGS. See online help for details.
                 C:\Program Files\Microsoft Visual Studio 11.0\VC\include\stdio.h(218) : 参见“fopen”的声明
     1>main.cpp(325): warning C4996: 'strtok': This function or variable may be unsafe. Consider using strtok_s instead. To disable deprecation, use _CRT_SECURE_NO_WARNINGS. See online help for details.
                 C:\Program Files\Microsoft Visual Studio 11.0\VC\include\string.h(200) : 参见“strtok”的声明
     1>main.cpp(327): warning C4996: 'strtok': This function or variable may be unsafe. Consider using strtok_s instead. To disable deprecation, use _CRT_SECURE_NO_WARNINGS. See online help for details.
                 C:\Program Files\Microsoft Visual Studio 11.0\VC\include\string.h(200) : 参见“strtok”的声明
       Link:
         C:\Program Files\Microsoft Visual Studio 11.0\VC\bin\x86_amd64\link.exe /ERRORREPORT:PROMPT /OUT:"D:\chen\graph_transitive_closure\x64\Release\graph_transitive_closure.exe" /INCREMENTAL:NO /NOLOGO kernel32.lib user32.lib gdi32.lib winspool.lib comdlg32.lib advapi32.lib shell32.lib ole32.lib oleaut32.lib uuid.lib odbc32.lib odbccp32.lib /MANIFEST /MANIFESTUAC:"level='asInvoker' uiAccess='false'" /manifest:embed /DEBUG /PDB:"D:\chen\graph_transitive_closure\x64\Release\graph_transitive_closure.pdb" /SUBSYSTEM:CONSOLE /STACK:"32000000" /OPT:REF /OPT:ICF /LTCG /TLBID:1 /DYNAMICBASE /NXCOMPAT /IMPLIB:"D:\chen\graph_transitive_closure\x64\Release\graph_transitive_closure.lib" /MACHINE:X64 x64\Release\graph.obj
         x64\Release\idList.obj
         x64\Release\main.obj
         正在生成代码
         已完成代码的生成
         graph_transitive_closure.vcxproj -> D:\chen\graph_transitive_closure\x64\Release\graph_transitive_closure.exe
     1>已完成生成项目“D:\chen\graph_transitive_closure\graph_transitive_closure.vcxproj”(Build 个目标)的操作。

生成成功。

已用时间 00:00:04.46
