c:\users\chen\desktop\closure\graph_transitive_closure\debug\graph.obj
c:\users\chen\desktop\closure\graph_transitive_closure\debug\idlist.obj
c:\users\chen\desktop\closure\graph_transitive_closure\debug\main.obj
c:\users\chen\desktop\closure\graph_transitive_closure\debug\vc110.pdb
c:\users\chen\desktop\closure\graph_transitive_closure\debug\graph_transitive_closure.ilk
c:\users\chen\desktop\closure\graph_transitive_closure\debug\graph_transitive_closure.exe
c:\users\chen\desktop\closure\graph_transitive_closure\debug\graph_transitive_closure.pdb
f:\transitiveclosure\graph_transitive_closure\debug\vc120.pdb
f:\transitiveclosure\graph_transitive_closure\debug\vc120.idb
f:\transitiveclosure\graph_transitive_closure\debug\graph.obj
f:\transitiveclosure\graph_transitive_closure\debug\idlist.obj
f:\transitiveclosure\graph_transitive_closure\debug\mmap.obj
f:\transitiveclosure\graph_transitive_closure\debug\main.obj
f:\transitiveclosure\graph_transitive_closure\debug\btree.obj
f:\transitiveclosure\graph_transitive_closure\debug\graph_transitive_closure.ilk
f:\transitiveclosure\graph_transitive_closure\debug\graph_transitive_closure.exe
f:\transitiveclosure\graph_transitive_closure\debug\graph_transitive_closure.pdb
f:\transitiveclosure\graph_transitive_closure\debug\cl.command.1.tlog
f:\transitiveclosure\graph_transitive_closure\debug\cl.read.1.tlog
f:\transitiveclosure\graph_transitive_closure\debug\cl.write.1.tlog
f:\transitiveclosure\graph_transitive_closure\debug\link-cvtres.read.1.tlog
f:\transitiveclosure\graph_transitive_closure\debug\link-cvtres.write.1.tlog
f:\transitiveclosure\graph_transitive_closure\debug\link-rc.read.1.tlog
f:\transitiveclosure\graph_transitive_closure\debug\link-rc.write.1.tlog
f:\transitiveclosure\graph_transitive_closure\debug\link.2400-cvtres.read.1.tlog
f:\transitiveclosure\graph_transitive_closure\debug\link.2400-cvtres.write.1.tlog
f:\transitiveclosure\graph_transitive_closure\debug\link.2400-rc.read.1.tlog
f:\transitiveclosure\graph_transitive_closure\debug\link.2400-rc.write.1.tlog
f:\transitiveclosure\graph_transitive_closure\debug\link.2400.read.1.tlog
f:\transitiveclosure\graph_transitive_closure\debug\link.2400.write.1.tlog
f:\transitiveclosure\graph_transitive_closure\debug\link.6272-cvtres.read.1.tlog
f:\transitiveclosure\graph_transitive_closure\debug\link.6272-cvtres.write.1.tlog
f:\transitiveclosure\graph_transitive_closure\debug\link.6272-rc.read.1.tlog
f:\transitiveclosure\graph_transitive_closure\debug\link.6272-rc.write.1.tlog
f:\transitiveclosure\graph_transitive_closure\debug\link.6272.read.1.tlog
f:\transitiveclosure\graph_transitive_closure\debug\link.6272.write.1.tlog
f:\transitiveclosure\graph_transitive_closure\debug\link.command.1.tlog
f:\transitiveclosure\graph_transitive_closure\debug\link.read.1.tlog
f:\transitiveclosure\graph_transitive_closure\debug\link.write.1.tlog
f:\transitiveclosure\graph_transitive_closure\debug\vc110.idb
f:\transitiveclosure\graph_transitive_closure\debug\vc140.idb
f:\transitiveclosure\graph_transitive_closure\debug\vc110.pdb
f:\transitiveclosure\graph_transitive_closure\debug\vc140.pdb
f:\transitiveclosure\graph_transitive_closure\debug\graph_tr.330d5643.tlog\cl.command.1.tlog
f:\transitiveclosure\graph_transitive_closure\debug\graph_tr.330d5643.tlog\cl.read.1.tlog
f:\transitiveclosure\graph_transitive_closure\debug\graph_tr.330d5643.tlog\cl.write.1.tlog
f:\transitiveclosure\graph_transitive_closure\debug\graph_tr.330d5643.tlog\link.command.1.tlog
f:\transitiveclosure\graph_transitive_closure\debug\graph_tr.330d5643.tlog\link.read.1.tlog
f:\transitiveclosure\graph_transitive_closure\debug\graph_tr.330d5643.tlog\link.write.1.tlog
