生成启动时间为 2015/12/15 16:00:44。
     1>项目“C:\Users\Shitaiqi\Documents\Visual Studio 2013\Projects\COMP_TC\COMP_TC\COMP_TC.vcxproj”在节点 2 上(Build 个目标)。
     1>ClCompile:
         C:\Program Files (x86)\Microsoft Visual Studio 12.0\VC\bin\CL.exe /c /ZI /nologo /W3 /WX- /Od /Oy- /D WIN32 /D _DEBUG /D _CONSOLE /D _LIB /D _UNICODE /D UNICODE /Gm /EHsc /RTC1 /MDd /GS /fp:precise /Zc:wchar_t /Zc:forScope /Fo"Debug\\" /Fd"Debug\vc120.pdb" /Gd /TP /analyze- /errorReport:prompt COMP_TC.cpp
         COMP_TC.cpp
     1>c:\users\shitaiqi\documents\visual studio 2013\projects\comp_tc\comp_tc\comp_tc.cpp(127): warning C4996: 'fopen': This function or variable may be unsafe. Consider using fopen_s instead. To disable deprecation, use _CRT_SECURE_NO_WARNINGS. See online help for details.
                 c:\program files (x86)\microsoft visual studio 12.0\vc\include\stdio.h(211) : 参见“fopen”的声明
     1>c:\users\shitaiqi\documents\visual studio 2013\projects\comp_tc\comp_tc\comp_tc.cpp(136): warning C4996: 'strtok': This function or variable may be unsafe. Consider using strtok_s instead. To disable deprecation, use _CRT_SECURE_NO_WARNINGS. See online help for details.
                 c:\program files (x86)\microsoft visual studio 12.0\vc\include\string.h(204) : 参见“strtok”的声明
     1>c:\users\shitaiqi\documents\visual studio 2013\projects\comp_tc\comp_tc\comp_tc.cpp(138): warning C4996: 'strtok': This function or variable may be unsafe. Consider using strtok_s instead. To disable deprecation, use _CRT_SECURE_NO_WARNINGS. See online help for details.
                 c:\program files (x86)\microsoft visual studio 12.0\vc\include\string.h(204) : 参见“strtok”的声明
     1>c:\users\shitaiqi\documents\visual studio 2013\projects\comp_tc\comp_tc\graph.h(69): warning C4715: “popNS”: 不是所有的控件路径都返回值
     1>c:\users\shitaiqi\documents\visual studio 2013\projects\comp_tc\comp_tc\graph.h(82): warning C4715: “popCS”: 不是所有的控件路径都返回值
       Link:
         C:\Program Files (x86)\Microsoft Visual Studio 12.0\VC\bin\link.exe /ERRORREPORT:PROMPT /OUT:"C:\Users\Shitaiqi\Documents\Visual Studio 2013\Projects\COMP_TC\Debug\COMP_TC.exe" /INCREMENTAL /NOLOGO kernel32.lib user32.lib gdi32.lib winspool.lib comdlg32.lib advapi32.lib shell32.lib ole32.lib oleaut32.lib uuid.lib odbc32.lib odbccp32.lib /MANIFEST /MANIFESTUAC:"level='asInvoker' uiAccess='false'" /manifest:embed /DEBUG /PDB:"C:\Users\Shitaiqi\Documents\Visual Studio 2013\Projects\COMP_TC\Debug\COMP_TC.pdb" /SUBSYSTEM:CONSOLE /STACK:"10000000" /TLBID:1 /DYNAMICBASE /NXCOMPAT /IMPLIB:"C:\Users\Shitaiqi\Documents\Visual Studio 2013\Projects\COMP_TC\Debug\COMP_TC.lib" /MACHINE:X86 Debug\COMP_TC.obj
         Debug\stdafx.obj
         COMP_TC.vcxproj -> C:\Users\Shitaiqi\Documents\Visual Studio 2013\Projects\COMP_TC\Debug\COMP_TC.exe
     1>已完成生成项目“C:\Users\Shitaiqi\Documents\Visual Studio 2013\Projects\COMP_TC\COMP_TC\COMP_TC.vcxproj”(Build 个目标)的操作。

生成成功。

已用时间 00:00:00.37
